{
  "uid" : "ab0be0408637af9b",
  "name" : "This test to create a text file and saves successfully -- @1.1 ",
  "fullName" : "Test file creation features: This test to create a text file and saves successfully",
  "historyId" : "5cdc33f53a6caca8c0416c5ed55405cc",
  "time" : {
    "start" : 1630228945636,
    "stop" : 1630229030539,
    "duration" : 84903
  },
  "status" : "broken",
  "statusDetails" : {
    "message" : "selenium.common.exceptions.TimeoutException: Message: \n\n",
    "trace" : "  File \"c:\\users\\senthilk\\appdata\\local\\continuum\\anaconda3\\lib\\site-packages\\behave\\model.py\", line 1329, in run\n    match.run(runner.context)\n  File \"c:\\users\\senthilk\\appdata\\local\\continuum\\anaconda3\\lib\\site-packages\\behave\\matchers.py\", line 98, in run\n    self.func(context, *args, **kwargs)\n  File \"features\\steps\\CreateFileTeststeps.py\", line 49, in Test_case_001_01\n    context.file_manage.write_text_and_save(context.Test_text)\n  File \"C:\\Users\\senthilk\\Documents\\MegaTest\\pages\\FileManagerPage.py\", line 55, in write_text_and_save\n    textarea_focus=self.webloc.find_by_xpath(config['FileManagerPage']['textarea'])\n  File \"C:\\Users\\senthilk\\Documents\\MegaTest\\lib\\helperLocator.py\", line 16, in find_by_xpath\n    return self._web_driver_wait.until(EC.visibility_of_element_located((By.XPATH, xpath)))\n  File \"c:\\users\\senthilk\\appdata\\local\\continuum\\anaconda3\\lib\\site-packages\\selenium\\webdriver\\support\\wait.py\", line 80, in until\n    raise TimeoutException(message, screen, stacktrace)\n",
    "flaky" : false
  },
  "beforeStages" : [ ],
  "testStage" : {
    "status" : "broken",
    "statusDetails" : {
      "message" : "selenium.common.exceptions.TimeoutException: Message: \n\n",
      "trace" : "  File \"c:\\users\\senthilk\\appdata\\local\\continuum\\anaconda3\\lib\\site-packages\\behave\\model.py\", line 1329, in run\n    match.run(runner.context)\n  File \"c:\\users\\senthilk\\appdata\\local\\continuum\\anaconda3\\lib\\site-packages\\behave\\matchers.py\", line 98, in run\n    self.func(context, *args, **kwargs)\n  File \"features\\steps\\CreateFileTeststeps.py\", line 49, in Test_case_001_01\n    context.file_manage.write_text_and_save(context.Test_text)\n  File \"C:\\Users\\senthilk\\Documents\\MegaTest\\pages\\FileManagerPage.py\", line 55, in write_text_and_save\n    textarea_focus=self.webloc.find_by_xpath(config['FileManagerPage']['textarea'])\n  File \"C:\\Users\\senthilk\\Documents\\MegaTest\\lib\\helperLocator.py\", line 16, in find_by_xpath\n    return self._web_driver_wait.until(EC.visibility_of_element_located((By.XPATH, xpath)))\n  File \"c:\\users\\senthilk\\appdata\\local\\continuum\\anaconda3\\lib\\site-packages\\selenium\\webdriver\\support\\wait.py\", line 80, in until\n    raise TimeoutException(message, screen, stacktrace)\n",
      "flaky" : false
    },
    "steps" : [ {
      "name" : "Given Open Mega Portal",
      "time" : {
        "start" : 1630228960892,
        "stop" : 1630228970095,
        "duration" : 9203
      },
      "status" : "passed",
      "steps" : [ ],
      "attachments" : [ ],
      "parameters" : [ ],
      "hasContent" : false,
      "stepsCount" : 0,
      "attachmentsCount" : 0,
      "shouldDisplayMessage" : false
    }, {
      "name" : "When login with valid credentials",
      "time" : {
        "start" : 1630228970095,
        "stop" : 1630228979819,
        "duration" : 9724
      },
      "status" : "passed",
      "steps" : [ ],
      "attachments" : [ ],
      "parameters" : [ ],
      "hasContent" : false,
      "stepsCount" : 0,
      "attachmentsCount" : 0,
      "shouldDisplayMessage" : false
    }, {
      "name" : "Then it navigates to FileManager successfully",
      "time" : {
        "start" : 1630228979819,
        "stop" : 1630228985269,
        "duration" : 5450
      },
      "status" : "passed",
      "steps" : [ ],
      "attachments" : [ ],
      "parameters" : [ ],
      "hasContent" : false,
      "stepsCount" : 0,
      "attachmentsCount" : 0,
      "shouldDisplayMessage" : false
    }, {
      "name" : "Given create a text file with filename as a.txt",
      "time" : {
        "start" : 1630228985269,
        "stop" : 1630228988405,
        "duration" : 3136
      },
      "status" : "passed",
      "steps" : [ ],
      "attachments" : [ ],
      "parameters" : [ ],
      "hasContent" : false,
      "stepsCount" : 0,
      "attachmentsCount" : 0,
      "shouldDisplayMessage" : false
    }, {
      "name" : "When add text as megatesting",
      "time" : {
        "start" : 1630228988405,
        "stop" : 1630229030533,
        "duration" : 42128
      },
      "status" : "broken",
      "statusDetails" : {
        "message" : "selenium.common.exceptions.TimeoutException: Message: \n\n",
        "trace" : "  File \"c:\\users\\senthilk\\appdata\\local\\continuum\\anaconda3\\lib\\site-packages\\behave\\model.py\", line 1329, in run\n    match.run(runner.context)\n  File \"c:\\users\\senthilk\\appdata\\local\\continuum\\anaconda3\\lib\\site-packages\\behave\\matchers.py\", line 98, in run\n    self.func(context, *args, **kwargs)\n  File \"features\\steps\\CreateFileTeststeps.py\", line 49, in Test_case_001_01\n    context.file_manage.write_text_and_save(context.Test_text)\n  File \"C:\\Users\\senthilk\\Documents\\MegaTest\\pages\\FileManagerPage.py\", line 55, in write_text_and_save\n    textarea_focus=self.webloc.find_by_xpath(config['FileManagerPage']['textarea'])\n  File \"C:\\Users\\senthilk\\Documents\\MegaTest\\lib\\helperLocator.py\", line 16, in find_by_xpath\n    return self._web_driver_wait.until(EC.visibility_of_element_located((By.XPATH, xpath)))\n  File \"c:\\users\\senthilk\\appdata\\local\\continuum\\anaconda3\\lib\\site-packages\\selenium\\webdriver\\support\\wait.py\", line 80, in until\n    raise TimeoutException(message, screen, stacktrace)\n",
        "flaky" : false
      },
      "steps" : [ ],
      "attachments" : [ ],
      "parameters" : [ ],
      "hasContent" : true,
      "stepsCount" : 0,
      "attachmentsCount" : 0,
      "shouldDisplayMessage" : true
    }, {
      "name" : "Then it save the text file successfully",
      "time" : {
        "start" : 1630229030539,
        "stop" : 1630229030539,
        "duration" : 0
      },
      "status" : "skipped",
      "steps" : [ ],
      "attachments" : [ ],
      "parameters" : [ ],
      "hasContent" : false,
      "stepsCount" : 0,
      "attachmentsCount" : 0,
      "shouldDisplayMessage" : false
    } ],
    "attachments" : [ ],
    "parameters" : [ ],
    "hasContent" : true,
    "stepsCount" : 6,
    "attachmentsCount" : 0,
    "shouldDisplayMessage" : false
  },
  "afterStages" : [ ],
  "labels" : [ {
    "name" : "severity",
    "value" : "normal"
  }, {
    "name" : "tag",
    "value" : "Chrome"
  }, {
    "name" : "tag",
    "value" : "Firefox"
  }, {
    "name" : "feature",
    "value" : "Test file creation features"
  }, {
    "name" : "framework",
    "value" : "behave"
  }, {
    "name" : "language",
    "value" : "cpython3"
  }, {
    "name" : "resultFormat",
    "value" : "allure2"
  } ],
  "parameters" : [ {
    "name" : "Test_text",
    "value" : "megatesting"
  }, {
    "name" : "filename",
    "value" : "a.txt"
  } ],
  "links" : [ ],
  "hidden" : true,
  "extra" : {
    "tags" : [ "Chrome", "Firefox" ]
  },
  "source" : "ab0be0408637af9b.json",
  "statusDetailsSafe" : {
    "message" : "selenium.common.exceptions.TimeoutException: Message: \n\n",
    "trace" : "  File \"c:\\users\\senthilk\\appdata\\local\\continuum\\anaconda3\\lib\\site-packages\\behave\\model.py\", line 1329, in run\n    match.run(runner.context)\n  File \"c:\\users\\senthilk\\appdata\\local\\continuum\\anaconda3\\lib\\site-packages\\behave\\matchers.py\", line 98, in run\n    self.func(context, *args, **kwargs)\n  File \"features\\steps\\CreateFileTeststeps.py\", line 49, in Test_case_001_01\n    context.file_manage.write_text_and_save(context.Test_text)\n  File \"C:\\Users\\senthilk\\Documents\\MegaTest\\pages\\FileManagerPage.py\", line 55, in write_text_and_save\n    textarea_focus=self.webloc.find_by_xpath(config['FileManagerPage']['textarea'])\n  File \"C:\\Users\\senthilk\\Documents\\MegaTest\\lib\\helperLocator.py\", line 16, in find_by_xpath\n    return self._web_driver_wait.until(EC.visibility_of_element_located((By.XPATH, xpath)))\n  File \"c:\\users\\senthilk\\appdata\\local\\continuum\\anaconda3\\lib\\site-packages\\selenium\\webdriver\\support\\wait.py\", line 80, in until\n    raise TimeoutException(message, screen, stacktrace)\n",
    "flaky" : false
  },
  "statusMessage" : {
    "present" : true
  },
  "parameterValues" : [ "megatesting", "a.txt" ]
}