{
  "uid" : "eee239d6ce2dcc31",
  "name" : "This test to RESTORE Files from RUBBISH BIN and confirm RESTORED -- @1.1 ",
  "fullName" : "Test file restore features: This test to RESTORE Files from RUBBISH BIN and confirm RESTORED",
  "historyId" : "fd88b96451ac2fa24783c70f763e50c9",
  "time" : {
    "start" : 1630225293282,
    "stop" : 1630225363137,
    "duration" : 69855
  },
  "status" : "broken",
  "statusDetails" : {
    "message" : "selenium.common.exceptions.TimeoutException: Message: \n\n",
    "trace" : "  File \"c:\\users\\senthilk\\appdata\\local\\continuum\\anaconda3\\lib\\site-packages\\behave\\model.py\", line 1329, in run\n    match.run(runner.context)\n  File \"c:\\users\\senthilk\\appdata\\local\\continuum\\anaconda3\\lib\\site-packages\\behave\\matchers.py\", line 98, in run\n    self.func(context, *args, **kwargs)\n  File \"features\\steps\\RestoreFileTestStep.py\", line 21, in restore_001_002\n    context.rubbishPage.find_and_restore_files(context.filename)\n  File \"C:\\Users\\senthilk\\Documents\\MegaTest\\pages\\RubbishBinPage.py\", line 33, in find_and_restore_files\n    self.webloc.find_by_xpath(config['RubbishBinPage']['lnk_restore']).click()\n  File \"C:\\Users\\senthilk\\Documents\\MegaTest\\lib\\helperLocator.py\", line 16, in find_by_xpath\n    return self._web_driver_wait.until(EC.visibility_of_element_located((By.XPATH, xpath)))\n  File \"c:\\users\\senthilk\\appdata\\local\\continuum\\anaconda3\\lib\\site-packages\\selenium\\webdriver\\support\\wait.py\", line 80, in until\n    raise TimeoutException(message, screen, stacktrace)\n",
    "flaky" : false
  },
  "beforeStages" : [ ],
  "testStage" : {
    "status" : "broken",
    "statusDetails" : {
      "message" : "selenium.common.exceptions.TimeoutException: Message: \n\n",
      "trace" : "  File \"c:\\users\\senthilk\\appdata\\local\\continuum\\anaconda3\\lib\\site-packages\\behave\\model.py\", line 1329, in run\n    match.run(runner.context)\n  File \"c:\\users\\senthilk\\appdata\\local\\continuum\\anaconda3\\lib\\site-packages\\behave\\matchers.py\", line 98, in run\n    self.func(context, *args, **kwargs)\n  File \"features\\steps\\RestoreFileTestStep.py\", line 21, in restore_001_002\n    context.rubbishPage.find_and_restore_files(context.filename)\n  File \"C:\\Users\\senthilk\\Documents\\MegaTest\\pages\\RubbishBinPage.py\", line 33, in find_and_restore_files\n    self.webloc.find_by_xpath(config['RubbishBinPage']['lnk_restore']).click()\n  File \"C:\\Users\\senthilk\\Documents\\MegaTest\\lib\\helperLocator.py\", line 16, in find_by_xpath\n    return self._web_driver_wait.until(EC.visibility_of_element_located((By.XPATH, xpath)))\n  File \"c:\\users\\senthilk\\appdata\\local\\continuum\\anaconda3\\lib\\site-packages\\selenium\\webdriver\\support\\wait.py\", line 80, in until\n    raise TimeoutException(message, screen, stacktrace)\n",
      "flaky" : false
    },
    "steps" : [ {
      "name" : "Given Open Mega Portal",
      "time" : {
        "start" : 1630225300876,
        "stop" : 1630225306695,
        "duration" : 5819
      },
      "status" : "passed",
      "steps" : [ ],
      "attachments" : [ ],
      "parameters" : [ ],
      "hasContent" : false,
      "stepsCount" : 0,
      "attachmentsCount" : 0,
      "shouldDisplayMessage" : false
    }, {
      "name" : "When login with valid credentials",
      "time" : {
        "start" : 1630225306695,
        "stop" : 1630225316060,
        "duration" : 9365
      },
      "status" : "passed",
      "steps" : [ ],
      "attachments" : [ ],
      "parameters" : [ ],
      "hasContent" : false,
      "stepsCount" : 0,
      "attachmentsCount" : 0,
      "shouldDisplayMessage" : false
    }, {
      "name" : "Then it navigates to FileManager successfully",
      "time" : {
        "start" : 1630225316060,
        "stop" : 1630225316743,
        "duration" : 683
      },
      "status" : "passed",
      "steps" : [ ],
      "attachments" : [ ],
      "parameters" : [ ],
      "hasContent" : false,
      "stepsCount" : 0,
      "attachmentsCount" : 0,
      "shouldDisplayMessage" : false
    }, {
      "name" : "Given Restore text file with filename as a.txt in Rubbish Bin",
      "time" : {
        "start" : 1630225316744,
        "stop" : 1630225317091,
        "duration" : 347
      },
      "status" : "passed",
      "steps" : [ ],
      "attachments" : [ ],
      "parameters" : [ ],
      "hasContent" : false,
      "stepsCount" : 0,
      "attachmentsCount" : 0,
      "shouldDisplayMessage" : false
    }, {
      "name" : "When Search AND RESTORE the file from RUBBISH Bin",
      "time" : {
        "start" : 1630225317092,
        "stop" : 1630225363128,
        "duration" : 46036
      },
      "status" : "broken",
      "statusDetails" : {
        "message" : "selenium.common.exceptions.TimeoutException: Message: \n\n",
        "trace" : "  File \"c:\\users\\senthilk\\appdata\\local\\continuum\\anaconda3\\lib\\site-packages\\behave\\model.py\", line 1329, in run\n    match.run(runner.context)\n  File \"c:\\users\\senthilk\\appdata\\local\\continuum\\anaconda3\\lib\\site-packages\\behave\\matchers.py\", line 98, in run\n    self.func(context, *args, **kwargs)\n  File \"features\\steps\\RestoreFileTestStep.py\", line 21, in restore_001_002\n    context.rubbishPage.find_and_restore_files(context.filename)\n  File \"C:\\Users\\senthilk\\Documents\\MegaTest\\pages\\RubbishBinPage.py\", line 33, in find_and_restore_files\n    self.webloc.find_by_xpath(config['RubbishBinPage']['lnk_restore']).click()\n  File \"C:\\Users\\senthilk\\Documents\\MegaTest\\lib\\helperLocator.py\", line 16, in find_by_xpath\n    return self._web_driver_wait.until(EC.visibility_of_element_located((By.XPATH, xpath)))\n  File \"c:\\users\\senthilk\\appdata\\local\\continuum\\anaconda3\\lib\\site-packages\\selenium\\webdriver\\support\\wait.py\", line 80, in until\n    raise TimeoutException(message, screen, stacktrace)\n",
        "flaky" : false
      },
      "steps" : [ ],
      "attachments" : [ ],
      "parameters" : [ ],
      "hasContent" : true,
      "stepsCount" : 0,
      "attachmentsCount" : 0,
      "shouldDisplayMessage" : true
    }, {
      "name" : "Then it should be RESTORED to FILE_MANAGER successfully",
      "time" : {
        "start" : 1630225363137,
        "stop" : 1630225363137,
        "duration" : 0
      },
      "status" : "skipped",
      "steps" : [ ],
      "attachments" : [ ],
      "parameters" : [ ],
      "hasContent" : false,
      "stepsCount" : 0,
      "attachmentsCount" : 0,
      "shouldDisplayMessage" : false
    } ],
    "attachments" : [ ],
    "parameters" : [ ],
    "hasContent" : true,
    "stepsCount" : 6,
    "attachmentsCount" : 0,
    "shouldDisplayMessage" : false
  },
  "afterStages" : [ ],
  "labels" : [ {
    "name" : "severity",
    "value" : "normal"
  }, {
    "name" : "tag",
    "value" : "Chrome"
  }, {
    "name" : "tag",
    "value" : "Firefox"
  }, {
    "name" : "feature",
    "value" : "Test file restore features"
  }, {
    "name" : "framework",
    "value" : "behave"
  }, {
    "name" : "language",
    "value" : "cpython3"
  }, {
    "name" : "resultFormat",
    "value" : "allure2"
  } ],
  "parameters" : [ {
    "name" : "filename",
    "value" : "a.txt"
  } ],
  "links" : [ ],
  "hidden" : true,
  "extra" : {
    "tags" : [ "Chrome", "Firefox" ]
  },
  "source" : "eee239d6ce2dcc31.json",
  "statusDetailsSafe" : {
    "message" : "selenium.common.exceptions.TimeoutException: Message: \n\n",
    "trace" : "  File \"c:\\users\\senthilk\\appdata\\local\\continuum\\anaconda3\\lib\\site-packages\\behave\\model.py\", line 1329, in run\n    match.run(runner.context)\n  File \"c:\\users\\senthilk\\appdata\\local\\continuum\\anaconda3\\lib\\site-packages\\behave\\matchers.py\", line 98, in run\n    self.func(context, *args, **kwargs)\n  File \"features\\steps\\RestoreFileTestStep.py\", line 21, in restore_001_002\n    context.rubbishPage.find_and_restore_files(context.filename)\n  File \"C:\\Users\\senthilk\\Documents\\MegaTest\\pages\\RubbishBinPage.py\", line 33, in find_and_restore_files\n    self.webloc.find_by_xpath(config['RubbishBinPage']['lnk_restore']).click()\n  File \"C:\\Users\\senthilk\\Documents\\MegaTest\\lib\\helperLocator.py\", line 16, in find_by_xpath\n    return self._web_driver_wait.until(EC.visibility_of_element_located((By.XPATH, xpath)))\n  File \"c:\\users\\senthilk\\appdata\\local\\continuum\\anaconda3\\lib\\site-packages\\selenium\\webdriver\\support\\wait.py\", line 80, in until\n    raise TimeoutException(message, screen, stacktrace)\n",
    "flaky" : false
  },
  "statusMessage" : {
    "present" : true
  },
  "parameterValues" : [ "a.txt" ]
}