{"name": "This test to create a text file and saves successfully -- @1.1 ", "status": "broken", "statusDetails": {"message": "selenium.common.exceptions.TimeoutException: Message: \n\n", "trace": "  File \"c:\\users\\senthilk\\appdata\\local\\continuum\\anaconda3\\lib\\site-packages\\behave\\model.py\", line 1329, in run\n    match.run(runner.context)\n  File \"c:\\users\\senthilk\\appdata\\local\\continuum\\anaconda3\\lib\\site-packages\\behave\\matchers.py\", line 98, in run\n    self.func(context, *args, **kwargs)\n  File \"features\\steps\\CreateFileTeststeps.py\", line 49, in Test_case_001_01\n    context.file_manage.write_text_and_save(context.Test_text)\n  File \"C:\\Users\\senthilk\\Documents\\MegaTest\\pages\\FileManagerPage.py\", line 55, in write_text_and_save\n    textarea_focus=self.webloc.find_by_xpath(config['FileManagerPage']['textarea'])\n  File \"C:\\Users\\senthilk\\Documents\\MegaTest\\lib\\helperLocator.py\", line 16, in find_by_xpath\n    return self._web_driver_wait.until(EC.visibility_of_element_located((By.XPATH, xpath)))\n  File \"c:\\users\\senthilk\\appdata\\local\\continuum\\anaconda3\\lib\\site-packages\\selenium\\webdriver\\support\\wait.py\", line 80, in until\n    raise TimeoutException(message, screen, stacktrace)\n"}, "steps": [{"name": "Given Open Mega Portal", "status": "passed", "start": 1630228960892, "stop": 1630228970095}, {"name": "When login with valid credentials", "status": "passed", "start": 1630228970095, "stop": 1630228979819}, {"name": "Then it navigates to FileManager successfully", "status": "passed", "start": 1630228979819, "stop": 1630228985269}, {"name": "Given create a text file with filename as a.txt", "status": "passed", "start": 1630228985269, "stop": 1630228988405}, {"name": "When add text as megatesting", "status": "broken", "statusDetails": {"message": "selenium.common.exceptions.TimeoutException: Message: \n\n", "trace": "  File \"c:\\users\\senthilk\\appdata\\local\\continuum\\anaconda3\\lib\\site-packages\\behave\\model.py\", line 1329, in run\n    match.run(runner.context)\n  File \"c:\\users\\senthilk\\appdata\\local\\continuum\\anaconda3\\lib\\site-packages\\behave\\matchers.py\", line 98, in run\n    self.func(context, *args, **kwargs)\n  File \"features\\steps\\CreateFileTeststeps.py\", line 49, in Test_case_001_01\n    context.file_manage.write_text_and_save(context.Test_text)\n  File \"C:\\Users\\senthilk\\Documents\\MegaTest\\pages\\FileManagerPage.py\", line 55, in write_text_and_save\n    textarea_focus=self.webloc.find_by_xpath(config['FileManagerPage']['textarea'])\n  File \"C:\\Users\\senthilk\\Documents\\MegaTest\\lib\\helperLocator.py\", line 16, in find_by_xpath\n    return self._web_driver_wait.until(EC.visibility_of_element_located((By.XPATH, xpath)))\n  File \"c:\\users\\senthilk\\appdata\\local\\continuum\\anaconda3\\lib\\site-packages\\selenium\\webdriver\\support\\wait.py\", line 80, in until\n    raise TimeoutException(message, screen, stacktrace)\n"}, "start": 1630228988405, "stop": 1630229030533}, {"name": "Then it save the text file successfully", "status": "skipped", "start": 1630229030539, "stop": 1630229030539}], "parameters": [{"name": "filename", "value": "a.txt"}, {"name": "Test_text", "value": "megatesting"}], "start": 1630228945636, "stop": 1630229030539, "uuid": "e9101d85-b8a7-440c-a34a-92b4dc4f8e54", "historyId": "5cdc33f53a6caca8c0416c5ed55405cc", "fullName": "Test file creation features: This test to create a text file and saves successfully", "labels": [{"name": "severity", "value": "normal"}, {"name": "tag", "value": "Chrome"}, {"name": "tag", "value": "Firefox"}, {"name": "feature", "value": "Test file creation features"}, {"name": "framework", "value": "behave"}, {"name": "language", "value": "cpython3"}]}